<?xml version="1.0" encoding="UTF-8"?>
<!-- Generated by org.testng.reporters.JUnitReportReporter -->
<testsuite hostname="DESKTOP-CS8B5AP" failures="0" tests="1" name="com.training.sanity.tests.ForgotPwd" time="31.047" errors="0" timestamp="2020-01-30T20:34:24 IST" skipped="0">
  <testcase classname="com.training.sanity.tests.ForgotPwd" name="validLoginTest" time="31.047"/>
</testsuite> <!-- com.training.sanity.tests.ForgotPwd -->
