<?xml version="1.0" encoding="UTF-8"?>
<!-- Generated by org.testng.reporters.JUnitReportReporter -->
<testsuite hostname="DESKTOP-CS8B5AP" failures="0" tests="1" name="com.training.sanity.tests.StudentRegister" time="32.682" errors="0" timestamp="2020-01-30T19:48:53 IST" skipped="0">
  <testcase classname="com.training.sanity.tests.StudentRegister" name="signUpTest" time="32.682"/>
</testsuite> <!-- com.training.sanity.tests.StudentRegister -->
