<?xml version="1.0" encoding="UTF-8"?>
<!-- Generated by org.testng.reporters.JUnitReportReporter -->
<testsuite hostname="DESKTOP-CS8B5AP" failures="0" tests="2" name="com.training.sanity.tests.SubscribeClass" time="19.029" errors="0" timestamp="2020-01-31T18:21:36 IST" skipped="0">
  <testcase classname="com.training.sanity.tests.SubscribeClass" name="SubscribeClasstoUser" time="12.046"/>
  <testcase classname="com.training.sanity.tests.SubscribeClass" name="validLoginTest" time="6.983"/>
</testsuite> <!-- com.training.sanity.tests.SubscribeClass -->
