<?xml version="1.0" encoding="UTF-8"?>
<!-- Generated by org.testng.reporters.JUnitReportReporter -->
<testsuite hostname="DESKTOP-CS8B5AP" failures="0" tests="1" name="com.training.sanity.tests.TeacherRegister" time="31.048" errors="0" timestamp="2020-01-29T22:24:07 IST" skipped="0">
  <testcase classname="com.training.sanity.tests.TeacherRegister" name="signUpTest" time="31.048"/>
</testsuite> <!-- com.training.sanity.tests.TeacherRegister -->
