<?xml version="1.0" encoding="UTF-8"?>
<!-- Generated by org.testng.reporters.JUnitReportReporter -->
<testsuite hostname="DESKTOP-CS8B5AP" failures="0" tests="1" name="com.training.sanity.tests.StudentRegister" time="30.958" errors="0" timestamp="2020-01-30T13:06:14 IST" skipped="0">
  <testcase classname="com.training.sanity.tests.StudentRegister" name="signUpTest" time="30.958"/>
</testsuite> <!-- com.training.sanity.tests.StudentRegister -->
