<?xml version="1.0" encoding="UTF-8"?>
<!-- Generated by org.testng.reporters.JUnitReportReporter -->
<testsuite hostname="DESKTOP-CS8B5AP" failures="0" tests="1" name="com.training.sanity.tests.ChangePwd" time="43.662" errors="0" timestamp="2020-01-30T10:44:21 IST" skipped="0">
  <testcase classname="com.training.sanity.tests.ChangePwd" name="pwdReset" time="43.662"/>
</testsuite> <!-- com.training.sanity.tests.ChangePwd -->
